DEBUG:root:
To Synthesize STL Template: G[0.0,72.0](((phidot > 0.5) | (phidot < -0.5)) => (kart1_speed < a? 0.0;80.0 ))
DEBUG:root:Initial guess in simoptimize : [56.03452927369431] 
DEBUG:root:Attempt : 1 with Cost: -0.895281218368/0 Param: [ 56.03452927]
DEBUG:root:Attempt : 2 with Cost: -0.895281218368/-0.895281218368 Param: [ 56.59487457]
DEBUG:root:Opt method used: gradient
DEBUG:root:Synthesized STL: G[0.0,72.0](((phidot > 0.5) | (phidot < -0.5)) => (kart1_speed < 0.00684015249923))
DEBUG:root:Synthesis: Cost is -0.895281218368, Time taken is 0.016278
DEBUG:root:
To Synthesize STL Template: F[0.0,a? 1.0;70.0 ](kart1_speed < 20.0)
DEBUG:root:Initial guess in simoptimize : [27.70440195520998] 
DEBUG:root:Attempt : 1 with Cost: -0.0428727675823/0 Param: [ 27.70440196]
DEBUG:root:Attempt : 2 with Cost: -0.0428049273311/-0.0428727675823 Param: [ 27.98144597]
DEBUG:root:Opt method used: gradient
DEBUG:root:Synthesized STL: F[0.0,1.00651962938](kart1_speed < 20.0)
DEBUG:root:Synthesis: Cost is -0.0428727675823, Time taken is 0.010489
DEBUG:root:
To Synthesize STL Template: G[a? 0.0;60.0 ,b? 10.0;72.0 ](phidot < 0.5)
DEBUG:root:Initial guess in simoptimize : [63.54873296285471, 45.516426851160304] 
DEBUG:root:Attempt : 1 with Cost: -0.325391320476/0 Param: [ 63.54873296  45.51642685]
DEBUG:root:Attempt : 2 with Cost: -0.325656841176/-0.325391320476 Param: [ 64.18422029  45.97159112]
DEBUG:root:Opt method used: gradient
DEBUG:root:Synthesized STL: G[0.0056117664941,71.9923674026](phidot < 0.5)
DEBUG:root:Synthesis: Cost is -0.325656841176, Time taken is 0.016773
DEBUG:root:
To Synthesize STL Template: G[0.0,72.0](((phidot > 0.5) | (phidot < -0.5)) => (kart1_speed < a? 0.0;80.0 ))
DEBUG:root:Initial guess in simoptimize : [0.532528243527759] 
DEBUG:root:Attempt : 1 with Cost: -0.895281218368/0 Param: [ 0.53252824]
DEBUG:root:Attempt : 2 with Cost: -0.895281218368/-0.895281218368 Param: [ 0.53785353]
DEBUG:root:Opt method used: gradient
DEBUG:root:Synthesized STL: G[0.0,72.0](((phidot > 0.5) | (phidot < -0.5)) => (kart1_speed < 0.00832075380512))
DEBUG:root:Synthesis: Cost is -0.895281218368, Time taken is 0.015343
DEBUG:root:
To Synthesize STL Template: F[0.0,a? 1.0;70.0 ](kart1_speed < 20.0)
DEBUG:root:Initial guess in simoptimize : [38.10569928094218] 
DEBUG:root:Attempt : 1 with Cost: -0.0403462860446/0 Param: [ 38.10569928]
DEBUG:root:Attempt : 2 with Cost: -0.040254606865/-0.0403462860446 Param: [ 38.48675627]
DEBUG:root:Opt method used: gradient
DEBUG:root:Synthesized STL: F[0.0,1.00905900861](kart1_speed < 20.0)
DEBUG:root:Synthesis: Cost is -0.0403462860446, Time taken is 0.009974
DEBUG:root:
To Synthesize STL Template: G[a? 0.0;60.0 ,b? 10.0;72.0 ](phidot < 0.5)
DEBUG:root:Initial guess in simoptimize : [31.179841215889773, 9.201051066769653] 
DEBUG:root:Attempt : 1 with Cost: -0.331191296268/0 Param: [ 31.17984122   9.20105107]
DEBUG:root:Attempt : 2 with Cost: -0.33151358115/-0.331191296268 Param: [ 31.49163963   9.29306158]
DEBUG:root:Opt method used: gradient
DEBUG:root:Synthesized STL: G[0.00907525544672,71.9901102636](phidot < 0.5)
DEBUG:root:Synthesis: Cost is -0.33151358115, Time taken is 0.015192
DEBUG:root:
To Synthesize STL Template: G[0.0,72.0](((phidot > 0.5) | (phidot < -0.5)) => (kart1_speed < a? 0.0;80.0 ))
DEBUG:root:Initial guess in simoptimize : [5.968559240651734] 
DEBUG:root:Attempt : 1 with Cost: -0.895281218368/0 Param: [ 5.96855924]
DEBUG:root:Attempt : 2 with Cost: -0.895281218368/-0.895281218368 Param: [ 6.02824483]
DEBUG:root:Opt method used: gradient
DEBUG:root:Synthesized STL: G[0.0,72.0](((phidot > 0.5) | (phidot < -0.5)) => (kart1_speed < 0.00582867113345))
DEBUG:root:Synthesis: Cost is -0.895281218368, Time taken is 0.015262
DEBUG:root:
To Synthesize STL Template: F[0.0,a? 1.0;70.0 ](kart1_speed < 20.0)
DEBUG:root:Initial guess in simoptimize : [19.41903821437494] 
DEBUG:root:Attempt : 1 with Cost: -0.0449129013161/0 Param: [ 19.41903821]
DEBUG:root:Attempt : 2 with Cost: -0.0448648610201/-0.0449129013161 Param: [ 19.6132286]
DEBUG:root:Opt method used: gradient
DEBUG:root:Synthesized STL: F[0.0,1.008993671](kart1_speed < 20.0)
DEBUG:root:Synthesis: Cost is -0.0449129013161, Time taken is 0.009649
DEBUG:root:
To Synthesize STL Template: G[a? 0.0;60.0 ,b? 10.0;72.0 ](phidot < 0.5)
DEBUG:root:Initial guess in simoptimize : [70.80097658119544, 58.40849862019302] 
DEBUG:root:Attempt : 1 with Cost: -0.317066050705/0 Param: [ 70.80097658  58.40849862]
DEBUG:root:Attempt : 2 with Cost: -0.317249368872/-0.317066050705 Param: [ 71.50898635  58.99258361]
DEBUG:root:Opt method used: gradient
DEBUG:root:Synthesized STL: G[0.00720124311602,71.9923279117](phidot < 0.5)
DEBUG:root:Synthesis: Cost is -0.317249368872, Time taken is 0.015086
DEBUG:root:
To Synthesize STL Template: G[0.0,72.0](((phidot > 0.5) | (phidot < -0.5)) => (kart1_speed < a? 0.0;80.0 ))
DEBUG:root:Initial guess in simoptimize : [17.111854331854417] 
DEBUG:root:Attempt : 1 with Cost: -0.895281218368/0 Param: [ 17.11185433]
DEBUG:root:Attempt : 2 with Cost: -0.895281218368/-0.895281218368 Param: [ 17.28297288]
DEBUG:root:Opt method used: gradient
DEBUG:root:Synthesized STL: G[0.0,72.0](((phidot > 0.5) | (phidot < -0.5)) => (kart1_speed < 0.00835539762298))
DEBUG:root:Synthesis: Cost is -0.895281218368, Time taken is 0.01738
DEBUG:root:
To Synthesize STL Template: F[0.0,a? 1.0;70.0 ](kart1_speed < 20.0)
DEBUG:root:Initial guess in simoptimize : [50.32711678950301] 
DEBUG:root:Attempt : 1 with Cost: -0.0374426985568/0 Param: [ 50.32711679]
DEBUG:root:Attempt : 2 with Cost: -0.03732489134/-0.0374426985568 Param: [ 50.83038796]
DEBUG:root:Opt method used: gradient
DEBUG:root:Synthesized STL: F[0.0,1.00602137656](kart1_speed < 20.0)
DEBUG:root:Synthesis: Cost is -0.0374426985568, Time taken is 0.011363
DEBUG:root:
To Synthesize STL Template: G[a? 0.0;60.0 ,b? 10.0;72.0 ](phidot < 0.5)
DEBUG:root:Initial guess in simoptimize : [47.83375741772446, 5.078945123133442] 
DEBUG:root:Attempt : 1 with Cost: -0.361195565638/0 Param: [ 47.83375742   5.07894512]
DEBUG:root:Attempt : 2 with Cost: -0.361801148039/-0.361195565638 Param: [ 48.31209499   5.12973457]
DEBUG:root:Opt method used: gradient
DEBUG:root:Synthesized STL: G[0.00500950642028,71.9942168201](phidot < 0.5)
DEBUG:root:Synthesis: Cost is -0.361801148039, Time taken is 0.016825
DEBUG:root:
To Synthesize STL Template: G[0.0,72.0](((phidot > 0.5) | (phidot < -0.5)) => (kart1_speed < a? 0.0;80.0 ))
DEBUG:root:Initial guess in simoptimize : [43.4980031677975] 
DEBUG:root:Attempt : 1 with Cost: -0.895281218368/0 Param: [ 43.49800317]
DEBUG:root:Attempt : 2 with Cost: -0.895281218368/-0.895281218368 Param: [ 43.9329832]
DEBUG:root:Opt method used: gradient
DEBUG:root:Synthesized STL: G[0.0,72.0](((phidot > 0.5) | (phidot < -0.5)) => (kart1_speed < 0.00530981483982))
DEBUG:root:Synthesis: Cost is -0.895281218368, Time taken is 0.015254
DEBUG:root:
To Synthesize STL Template: F[0.0,a? 1.0;70.0 ](kart1_speed < 20.0)
DEBUG:root:Initial guess in simoptimize : [45.94752798799748] 
DEBUG:root:Attempt : 1 with Cost: -0.0384740429441/0 Param: [ 45.94752799]
DEBUG:root:Attempt : 2 with Cost: -0.038365335911/-0.0384740429441 Param: [ 46.40700327]
DEBUG:root:Opt method used: gradient
DEBUG:root:Synthesized STL: F[0.0,1.00548675879](kart1_speed < 20.0)
DEBUG:root:Synthesis: Cost is -0.0384740429441, Time taken is 0.009817
DEBUG:root:
To Synthesize STL Template: G[a? 0.0;60.0 ,b? 10.0;72.0 ](phidot < 0.5)
DEBUG:root:Initial guess in simoptimize : [55.03579454047818, 26.900493865245874] 
DEBUG:root:Attempt : 1 with Cost: -0.340185491447/0 Param: [ 55.03579454  26.90049387]
DEBUG:root:Attempt : 2 with Cost: -0.340594742855/-0.340185491447 Param: [ 55.58615249  27.1694988 ]
DEBUG:root:Opt method used: gradient
DEBUG:root:Synthesized STL: G[0.00663317841892,71.991985426](phidot < 0.5)
DEBUG:root:Synthesis: Cost is -0.340594742855, Time taken is 0.015656
DEBUG:root:
To Synthesize STL Template: G[0.0,72.0](((phidot > 0.5) | (phidot < -0.5)) => (kart1_speed < a? 0.0;80.0 ))
